2017-01-24 13:27:37.288  INFO 4848 --- [main] com.example.TestBootApplication          : Starting TestBootApplication on PC-SHENZM with PID 4848 (D:\dev\bootspace\test-boot\target\classes started by shenzm in D:\dev\bootspace\test-boot)
2017-01-24 13:27:37.289 DEBUG 4848 --- [main] com.example.TestBootApplication          : Running with Spring Boot v1.4.3.RELEASE, Spring v4.3.5.RELEASE
2017-01-24 13:27:37.290  INFO 4848 --- [main] com.example.TestBootApplication          : No active profile set, falling back to default profiles: default
2017-01-24 13:27:37.422  INFO 4848 --- [main] ationConfigEmbeddedWebApplicationContext : Refreshing org.springframework.boot.context.embedded.AnnotationConfigEmbeddedWebApplicationContext@7194ba: startup date [Tue Jan 24 13:27:37 CST 2017]; root of context hierarchy
2017-01-24 13:27:37.646  INFO 4848 --- [main] c.e.d.DynamicDataSourceRegister          : >>>>DynamicDataSourceRegister set environment when rigiste custom datasource
2017-01-24 13:27:38.354  INFO 4848 --- [main] c.e.d.DynamicDataSourceRegister          : >>>>DynamicDataSourceRegister registry dynamic data soruce....
2017-01-24 13:27:38.658  WARN 4848 --- [main] o.s.c.a.ConfigurationClassPostProcessor  : Cannot enhance @Configuration bean definition 'myBatisMapperScannerConfig' since its singleton instance has been created too early. The typical cause is a non-static @Bean method with a BeanDefinitionRegistryPostProcessor return type: Consider declaring such methods as 'static'.
2017-01-24 13:27:38.659  WARN 4848 --- [main] o.s.c.a.ConfigurationClassPostProcessor  : Cannot enhance @Configuration bean definition 'myBeanDefinitionRegistryPostProcessor' since its singleton instance has been created too early. The typical cause is a non-static @Bean method with a BeanDefinitionRegistryPostProcessor return type: Consider declaring such methods as 'static'.
2017-01-24 13:27:38.847  INFO 4848 --- [main] .c.MyBeanDefinitionRegistryPostProcessor : >>>>postProcessBeanFactory invoke ..
2017-01-24 13:27:39.056  INFO 4848 --- [main] trationDelegate$BeanPostProcessorChecker : Bean 'mybatis-com.example.config.mybatis.MybatisProperties' of type [class com.example.config.mybatis.MybatisProperties] is not eligible for getting processed by all BeanPostProcessors (for example: not eligible for auto-proxying)
2017-01-24 13:27:39.074  INFO 4848 --- [main] c.e.c.mybatis.MybatisAutoConfiguration   : 注册MyBatis分页插件PageHelper
2017-01-24 13:27:39.082  INFO 4848 --- [main] trationDelegate$BeanPostProcessorChecker : Bean 'pageHelper' of type [class com.github.pagehelper.PageHelper] is not eligible for getting processed by all BeanPostProcessors (for example: not eligible for auto-proxying)
2017-01-24 13:27:39.087  INFO 4848 --- [main] trationDelegate$BeanPostProcessorChecker : Bean 'mybatisAutoConfiguration' of type [class com.example.config.mybatis.MybatisAutoConfiguration$$EnhancerBySpringCGLIB$$5c60c55e] is not eligible for getting processed by all BeanPostProcessors (for example: not eligible for auto-proxying)
2017-01-24 13:27:39.277  INFO 4848 --- [main] trationDelegate$BeanPostProcessorChecker : Bean 'sqlSessionFactory' of type [class org.apache.ibatis.session.defaults.DefaultSqlSessionFactory] is not eligible for getting processed by all BeanPostProcessors (for example: not eligible for auto-proxying)
2017-01-24 13:27:39.351  INFO 4848 --- [main] trationDelegate$BeanPostProcessorChecker : Bean 'studentMapper' of type [class tk.mybatis.spring.mapper.MapperFactoryBean] is not eligible for getting processed by all BeanPostProcessors (for example: not eligible for auto-proxying)
2017-01-24 13:27:39.460  INFO 4848 --- [main] trationDelegate$BeanPostProcessorChecker : Bean 'org.springframework.transaction.annotation.ProxyTransactionManagementConfiguration' of type [class org.springframework.transaction.annotation.ProxyTransactionManagementConfiguration$$EnhancerBySpringCGLIB$$9eba1aaf] is not eligible for getting processed by all BeanPostProcessors (for example: not eligible for auto-proxying)
2017-01-24 13:27:40.196  INFO 4848 --- [main] s.b.c.e.t.TomcatEmbeddedServletContainer : Tomcat initialized with port(s): 8080 (http)
2017-01-24 13:27:40.207  INFO 4848 --- [main] o.apache.catalina.core.StandardService   : Starting service Tomcat
2017-01-24 13:27:40.209  INFO 4848 --- [main] org.apache.catalina.core.StandardEngine  : Starting Servlet Engine: Apache Tomcat/8.5.6
2017-01-24 13:27:40.569  INFO 4848 --- [localhost-startStop-1] org.apache.jasper.servlet.TldScanner     : At least one JAR was scanned for TLDs yet contained no TLDs. Enable debug logging for this logger for a complete list of JARs that were scanned but no TLDs were found in them. Skipping unneeded JARs during scanning can improve startup time and JSP compilation time.
2017-01-24 13:27:40.576  INFO 4848 --- [localhost-startStop-1] o.a.c.c.C.[.[localhost].[/test-boot]     : Initializing Spring embedded WebApplicationContext
2017-01-24 13:27:40.577  INFO 4848 --- [localhost-startStop-1] o.s.web.context.ContextLoader            : Root WebApplicationContext: initialization completed in 3157 ms
2017-01-24 13:27:41.026  INFO 4848 --- [localhost-startStop-1] o.s.b.w.servlet.ServletRegistrationBean  : Mapping servlet: 'myServlet' to [/my-servlet/*]
2017-01-24 13:27:41.027  INFO 4848 --- [localhost-startStop-1] o.s.b.w.servlet.ServletRegistrationBean  : Mapping servlet: 'dispatcherServlet' to [/]
2017-01-24 13:27:41.028  INFO 4848 --- [localhost-startStop-1] o.s.b.w.servlet.ServletRegistrationBean  : Mapping servlet: 'com.example.servlet.MyServlet2' to [/my-servlet/branch]
2017-01-24 13:27:41.031  INFO 4848 --- [localhost-startStop-1] o.s.b.w.servlet.FilterRegistrationBean   : Mapping filter: 'characterEncodingFilter' to: [/*]
2017-01-24 13:27:41.032  INFO 4848 --- [localhost-startStop-1] o.s.b.w.servlet.FilterRegistrationBean   : Mapping filter: 'hiddenHttpMethodFilter' to: [/*]
2017-01-24 13:27:41.035  INFO 4848 --- [localhost-startStop-1] o.s.b.w.servlet.FilterRegistrationBean   : Mapping filter: 'httpPutFormContentFilter' to: [/*]
2017-01-24 13:27:41.035  INFO 4848 --- [localhost-startStop-1] o.s.b.w.servlet.FilterRegistrationBean   : Mapping filter: 'requestContextFilter' to: [/*]
2017-01-24 13:27:41.036  INFO 4848 --- [localhost-startStop-1] o.s.b.w.servlet.FilterRegistrationBean   : Mapping filter: 'My-Filter' to urls: [/*]
2017-01-24 13:27:41.192  INFO 4848 --- [main] j.LocalContainerEntityManagerFactoryBean : Building JPA container EntityManagerFactory for persistence unit 'default'
2017-01-24 13:27:41.209  INFO 4848 --- [main] o.hibernate.jpa.internal.util.LogHelper  : HHH000204: Processing PersistenceUnitInfo [
	name: default
	...]
2017-01-24 13:27:41.285  INFO 4848 --- [main] org.hibernate.Version                    : HHH000412: Hibernate Core {5.0.11.Final}
2017-01-24 13:27:41.286  INFO 4848 --- [main] org.hibernate.cfg.Environment            : HHH000206: hibernate.properties not found
2017-01-24 13:27:41.288  INFO 4848 --- [main] org.hibernate.cfg.Environment            : HHH000021: Bytecode provider name : javassist
2017-01-24 13:27:41.329  INFO 4848 --- [main] o.hibernate.annotations.common.Version   : HCANN000001: Hibernate Commons Annotations {5.0.1.Final}
2017-01-24 13:27:41.756  INFO 4848 --- [main] org.hibernate.dialect.Dialect            : HHH000400: Using dialect: org.hibernate.dialect.MySQL5Dialect
2017-01-24 13:27:42.164  INFO 4848 --- [main] org.hibernate.tool.hbm2ddl.SchemaUpdate  : HHH000228: Running hbm2ddl schema update
2017-01-24 13:27:42.268  INFO 4848 --- [main] j.LocalContainerEntityManagerFactoryBean : Initialized JPA EntityManagerFactory for persistence unit 'default'
2017-01-24 13:27:42.344  INFO 4848 --- [main] com.example.config.WebConfig             : jdbc:mysql://localhost:3306/test
2017-01-24 13:27:42.344  INFO 4848 --- [main] com.example.config.WebConfig             : D:\dev\java
2017-01-24 13:27:42.345  INFO 4848 --- [main] com.example.config.WebConfig             : environment get jdbcurl is :jdbc:mysql://localhost:3306/test
2017-01-24 13:27:42.345  INFO 4848 --- [main] com.example.config.WebConfig             : get url from property resolver is :jdbc:mysql://localhost:3306/test
2017-01-24 13:27:44.221  INFO 4848 --- [main] s.w.s.m.m.a.RequestMappingHandlerAdapter : Looking for @ControllerAdvice: org.springframework.boot.context.embedded.AnnotationConfigEmbeddedWebApplicationContext@7194ba: startup date [Tue Jan 24 13:27:37 CST 2017]; root of context hierarchy
2017-01-24 13:27:44.238  INFO 4848 --- [main] s.w.s.m.m.a.RequestMappingHandlerAdapter : Detected @ModelAttribute methods in resourceUrlProviderController
2017-01-24 13:27:44.423  INFO 4848 --- [main] s.w.s.m.m.a.RequestMappingHandlerMapping : Mapped "{[/webjarslocator/{webjar}/**]}" onto public org.springframework.http.ResponseEntity<java.lang.Object> com.example.config.WebJarsController.locateWebjarAsset(java.lang.String,javax.servlet.http.HttpServletRequest)
2017-01-24 13:27:44.425  INFO 4848 --- [main] s.w.s.m.m.a.RequestMappingHandlerMapping : Mapped "{[/json]}" onto public java.util.List<java.lang.String> com.example.controller.HelloController.getJson()
2017-01-24 13:27:44.428  INFO 4848 --- [main] s.w.s.m.m.a.RequestMappingHandlerMapping : Mapped "{[/ || /index]}" onto public java.lang.String com.example.controller.JspController.index()
2017-01-24 13:27:44.429  INFO 4848 --- [main] s.w.s.m.m.a.RequestMappingHandlerMapping : Mapped "{[/success]}" onto public java.lang.String com.example.controller.JspController.testView(org.springframework.ui.Model)
2017-01-24 13:27:44.430  INFO 4848 --- [main] s.w.s.m.m.a.RequestMappingHandlerMapping : Mapped "{[/student/findAll]}" onto public java.util.List<com.example.entity.Student> com.example.controller.StudentController.findAllStudent()
2017-01-24 13:27:44.431  INFO 4848 --- [main] s.w.s.m.m.a.RequestMappingHandlerMapping : Mapped "{[/student/likename]}" onto public java.util.List<com.example.entity.Student> com.example.controller.StudentController.mybatisLikelime()
2017-01-24 13:27:44.431  INFO 4848 --- [main] s.w.s.m.m.a.RequestMappingHandlerMapping : Mapped "{[/student/likename2]}" onto public java.util.List<com.example.entity.Student> com.example.controller.StudentController.mybatisLikelime2()
2017-01-24 13:27:44.431  INFO 4848 --- [main] s.w.s.m.m.a.RequestMappingHandlerMapping : Mapped "{[/student/findAllJpa]}" onto public java.util.List<com.example.entity.Student> com.example.controller.StudentController.findAllStudentJpa()
2017-01-24 13:27:44.434  INFO 4848 --- [main] s.w.s.m.m.a.RequestMappingHandlerMapping : Mapped "{[/error]}" onto public org.springframework.http.ResponseEntity<java.util.Map<java.lang.String, java.lang.Object>> org.springframework.boot.autoconfigure.web.BasicErrorController.error(javax.servlet.http.HttpServletRequest)
2017-01-24 13:27:44.435  INFO 4848 --- [main] s.w.s.m.m.a.RequestMappingHandlerMapping : Mapped "{[/error],produces=[text/html]}" onto public org.springframework.web.servlet.ModelAndView org.springframework.boot.autoconfigure.web.BasicErrorController.errorHtml(javax.servlet.http.HttpServletRequest,javax.servlet.http.HttpServletResponse)
2017-01-24 13:27:44.625  INFO 4848 --- [main] o.s.w.s.handler.SimpleUrlHandlerMapping  : Mapped URL path [/myres/**] onto handler of type [class org.springframework.web.servlet.resource.ResourceHttpRequestHandler]
2017-01-24 13:27:44.626  INFO 4848 --- [main] o.s.w.s.handler.SimpleUrlHandlerMapping  : Mapped URL path [/webjars/**] onto handler of type [class org.springframework.web.servlet.resource.ResourceHttpRequestHandler]
2017-01-24 13:27:44.626  INFO 4848 --- [main] o.s.w.s.handler.SimpleUrlHandlerMapping  : Mapped URL path [/**] onto handler of type [class org.springframework.web.servlet.resource.ResourceHttpRequestHandler]
2017-01-24 13:27:44.718  INFO 4848 --- [main] o.s.w.s.handler.SimpleUrlHandlerMapping  : Mapped URL path [/**/favicon.ico] onto handler of type [class org.springframework.web.servlet.resource.ResourceHttpRequestHandler]
2017-01-24 13:27:45.491  INFO 4848 --- [main] o.s.j.e.a.AnnotationMBeanExporter        : Registering beans for JMX exposure on startup
2017-01-24 13:27:45.557  INFO 4848 --- [main] s.b.c.e.t.TomcatEmbeddedServletContainer : Tomcat started on port(s): 8080 (http)
2017-01-24 13:27:45.561  INFO 4848 --- [main] com.example.runner.MyCommandLineRunner   : one ------this runner can load data to in-memery
2017-01-24 13:27:45.561  INFO 4848 --- [main] com.example.runner.MyCommandLineRunner2  : two ------this runner can load data to in-memery
2017-01-24 13:27:45.564  INFO 4848 --- [main] com.example.TestBootApplication          : Started TestBootApplication in 8.831 seconds (JVM running for 9.37)
2017-01-24 13:31:57.260  INFO 4848 --- [RMI TCP Connection(2)-10.1.51.96] inMXBeanRegistrar$SpringApplicationAdmin : Application shutdown requested.
2017-01-24 13:31:57.260  INFO 4848 --- [RMI TCP Connection(2)-10.1.51.96] ationConfigEmbeddedWebApplicationContext : Closing org.springframework.boot.context.embedded.AnnotationConfigEmbeddedWebApplicationContext@7194ba: startup date [Tue Jan 24 13:27:37 CST 2017]; root of context hierarchy
2017-01-24 13:31:57.265  INFO 4848 --- [RMI TCP Connection(2)-10.1.51.96] o.s.j.e.a.AnnotationMBeanExporter        : Unregistering JMX-exposed beans on shutdown
2017-01-24 13:31:57.265  WARN 4848 --- [RMI TCP Connection(2)-10.1.51.96] o.s.b.f.support.DisposableBeanAdapter    : Invocation of destroy method 'close' failed on bean with name 'sqlSessionTemplate': java.lang.UnsupportedOperationException: Manual close is not allowed over a Spring managed SqlSession
2017-01-24 13:31:57.268  INFO 4848 --- [RMI TCP Connection(2)-10.1.51.96] j.LocalContainerEntityManagerFactoryBean : Closing JPA EntityManagerFactory for persistence unit 'default'
2017-01-24 13:32:01.173  INFO 5384 --- [main] com.example.TestBootApplication          : Starting TestBootApplication on PC-SHENZM with PID 5384 (D:\dev\bootspace\test-boot\target\classes started by shenzm in D:\dev\bootspace\test-boot)
2017-01-24 13:32:01.174 DEBUG 5384 --- [main] com.example.TestBootApplication          : Running with Spring Boot v1.4.3.RELEASE, Spring v4.3.5.RELEASE
2017-01-24 13:32:01.174  INFO 5384 --- [main] com.example.TestBootApplication          : No active profile set, falling back to default profiles: default
2017-01-24 13:32:01.310  INFO 5384 --- [main] ationConfigEmbeddedWebApplicationContext : Refreshing org.springframework.boot.context.embedded.AnnotationConfigEmbeddedWebApplicationContext@7194ba: startup date [Tue Jan 24 13:32:01 CST 2017]; root of context hierarchy
2017-01-24 13:32:01.537  INFO 5384 --- [main] c.e.d.DynamicDataSourceRegister          : >>>>DynamicDataSourceRegister set environment when rigiste custom datasource
2017-01-24 13:32:02.291  INFO 5384 --- [main] c.e.d.DynamicDataSourceRegister          : >>>>DynamicDataSourceRegister registry dynamic data soruce....
2017-01-24 13:32:02.582  WARN 5384 --- [main] o.s.c.a.ConfigurationClassPostProcessor  : Cannot enhance @Configuration bean definition 'myBatisMapperScannerConfig' since its singleton instance has been created too early. The typical cause is a non-static @Bean method with a BeanDefinitionRegistryPostProcessor return type: Consider declaring such methods as 'static'.
2017-01-24 13:32:02.583  WARN 5384 --- [main] o.s.c.a.ConfigurationClassPostProcessor  : Cannot enhance @Configuration bean definition 'myBeanDefinitionRegistryPostProcessor' since its singleton instance has been created too early. The typical cause is a non-static @Bean method with a BeanDefinitionRegistryPostProcessor return type: Consider declaring such methods as 'static'.
2017-01-24 13:32:02.760  INFO 5384 --- [main] .c.MyBeanDefinitionRegistryPostProcessor : >>>>postProcessBeanFactory invoke ..
2017-01-24 13:32:02.974  INFO 5384 --- [main] trationDelegate$BeanPostProcessorChecker : Bean 'mybatis-com.example.config.mybatis.MybatisProperties' of type [class com.example.config.mybatis.MybatisProperties] is not eligible for getting processed by all BeanPostProcessors (for example: not eligible for auto-proxying)
2017-01-24 13:32:02.995  INFO 5384 --- [main] c.e.c.mybatis.MybatisAutoConfiguration   : 注册MyBatis分页插件PageHelper
2017-01-24 13:32:03.004  INFO 5384 --- [main] trationDelegate$BeanPostProcessorChecker : Bean 'pageHelper' of type [class com.github.pagehelper.PageHelper] is not eligible for getting processed by all BeanPostProcessors (for example: not eligible for auto-proxying)
2017-01-24 13:32:03.008  INFO 5384 --- [main] trationDelegate$BeanPostProcessorChecker : Bean 'mybatisAutoConfiguration' of type [class com.example.config.mybatis.MybatisAutoConfiguration$$EnhancerBySpringCGLIB$$5c60c55e] is not eligible for getting processed by all BeanPostProcessors (for example: not eligible for auto-proxying)
2017-01-24 13:32:03.199  INFO 5384 --- [main] trationDelegate$BeanPostProcessorChecker : Bean 'sqlSessionFactory' of type [class org.apache.ibatis.session.defaults.DefaultSqlSessionFactory] is not eligible for getting processed by all BeanPostProcessors (for example: not eligible for auto-proxying)
2017-01-24 13:32:03.273  INFO 5384 --- [main] trationDelegate$BeanPostProcessorChecker : Bean 'studentMapper' of type [class tk.mybatis.spring.mapper.MapperFactoryBean] is not eligible for getting processed by all BeanPostProcessors (for example: not eligible for auto-proxying)
2017-01-24 13:32:03.377  INFO 5384 --- [main] trationDelegate$BeanPostProcessorChecker : Bean 'org.springframework.transaction.annotation.ProxyTransactionManagementConfiguration' of type [class org.springframework.transaction.annotation.ProxyTransactionManagementConfiguration$$EnhancerBySpringCGLIB$$9eba1aaf] is not eligible for getting processed by all BeanPostProcessors (for example: not eligible for auto-proxying)
2017-01-24 13:32:04.118  INFO 5384 --- [main] s.b.c.e.t.TomcatEmbeddedServletContainer : Tomcat initialized with port(s): 8080 (http)
2017-01-24 13:32:04.129  INFO 5384 --- [main] o.apache.catalina.core.StandardService   : Starting service Tomcat
2017-01-24 13:32:04.130  INFO 5384 --- [main] org.apache.catalina.core.StandardEngine  : Starting Servlet Engine: Apache Tomcat/8.5.6
2017-01-24 13:32:04.489  INFO 5384 --- [localhost-startStop-1] org.apache.jasper.servlet.TldScanner     : At least one JAR was scanned for TLDs yet contained no TLDs. Enable debug logging for this logger for a complete list of JARs that were scanned but no TLDs were found in them. Skipping unneeded JARs during scanning can improve startup time and JSP compilation time.
2017-01-24 13:32:04.494  INFO 5384 --- [localhost-startStop-1] o.a.c.c.C.[.[localhost].[/test-boot]     : Initializing Spring embedded WebApplicationContext
2017-01-24 13:32:04.495  INFO 5384 --- [localhost-startStop-1] o.s.web.context.ContextLoader            : Root WebApplicationContext: initialization completed in 3188 ms
2017-01-24 13:32:04.937  INFO 5384 --- [localhost-startStop-1] o.s.b.w.servlet.ServletRegistrationBean  : Mapping servlet: 'myServlet' to [/my-servlet/*]
2017-01-24 13:32:04.938  INFO 5384 --- [localhost-startStop-1] o.s.b.w.servlet.ServletRegistrationBean  : Mapping servlet: 'dispatcherServlet' to [/]
2017-01-24 13:32:04.940  INFO 5384 --- [localhost-startStop-1] o.s.b.w.servlet.ServletRegistrationBean  : Mapping servlet: 'com.example.servlet.MyServlet2' to [/my-servlet/branch]
2017-01-24 13:32:04.943  INFO 5384 --- [localhost-startStop-1] o.s.b.w.servlet.FilterRegistrationBean   : Mapping filter: 'characterEncodingFilter' to: [/*]
2017-01-24 13:32:04.944  INFO 5384 --- [localhost-startStop-1] o.s.b.w.servlet.FilterRegistrationBean   : Mapping filter: 'hiddenHttpMethodFilter' to: [/*]
2017-01-24 13:32:04.944  INFO 5384 --- [localhost-startStop-1] o.s.b.w.servlet.FilterRegistrationBean   : Mapping filter: 'httpPutFormContentFilter' to: [/*]
2017-01-24 13:32:04.944  INFO 5384 --- [localhost-startStop-1] o.s.b.w.servlet.FilterRegistrationBean   : Mapping filter: 'requestContextFilter' to: [/*]
2017-01-24 13:32:04.944  INFO 5384 --- [localhost-startStop-1] o.s.b.w.servlet.FilterRegistrationBean   : Mapping filter: 'My-Filter' to urls: [/*]
2017-01-24 13:32:05.095  INFO 5384 --- [main] j.LocalContainerEntityManagerFactoryBean : Building JPA container EntityManagerFactory for persistence unit 'default'
2017-01-24 13:32:05.113  INFO 5384 --- [main] o.hibernate.jpa.internal.util.LogHelper  : HHH000204: Processing PersistenceUnitInfo [
	name: default
	...]
2017-01-24 13:32:05.188  INFO 5384 --- [main] org.hibernate.Version                    : HHH000412: Hibernate Core {5.0.11.Final}
2017-01-24 13:32:05.190  INFO 5384 --- [main] org.hibernate.cfg.Environment            : HHH000206: hibernate.properties not found
2017-01-24 13:32:05.196  INFO 5384 --- [main] org.hibernate.cfg.Environment            : HHH000021: Bytecode provider name : javassist
2017-01-24 13:32:05.236  INFO 5384 --- [main] o.hibernate.annotations.common.Version   : HCANN000001: Hibernate Commons Annotations {5.0.1.Final}
2017-01-24 13:32:05.667  INFO 5384 --- [main] org.hibernate.dialect.Dialect            : HHH000400: Using dialect: org.hibernate.dialect.MySQL5Dialect
2017-01-24 13:32:06.056  INFO 5384 --- [main] org.hibernate.tool.hbm2ddl.SchemaUpdate  : HHH000228: Running hbm2ddl schema update
2017-01-24 13:32:06.155  INFO 5384 --- [main] j.LocalContainerEntityManagerFactoryBean : Initialized JPA EntityManagerFactory for persistence unit 'default'
2017-01-24 13:32:06.234  INFO 5384 --- [main] com.example.config.WebConfig             : jdbc:mysql://localhost:3306/test
2017-01-24 13:32:06.234  INFO 5384 --- [main] com.example.config.WebConfig             : D:\dev\java
2017-01-24 13:32:06.234  INFO 5384 --- [main] com.example.config.WebConfig             : environment get jdbcurl is :jdbc:mysql://localhost:3306/test
2017-01-24 13:32:06.234  INFO 5384 --- [main] com.example.config.WebConfig             : get url from property resolver is :jdbc:mysql://localhost:3306/test
2017-01-24 13:32:08.062  INFO 5384 --- [main] s.w.s.m.m.a.RequestMappingHandlerAdapter : Looking for @ControllerAdvice: org.springframework.boot.context.embedded.AnnotationConfigEmbeddedWebApplicationContext@7194ba: startup date [Tue Jan 24 13:32:01 CST 2017]; root of context hierarchy
2017-01-24 13:32:08.071  INFO 5384 --- [main] s.w.s.m.m.a.RequestMappingHandlerAdapter : Detected @ModelAttribute methods in resourceUrlProviderController
2017-01-24 13:32:08.248  INFO 5384 --- [main] s.w.s.m.m.a.RequestMappingHandlerMapping : Mapped "{[/webjarslocator/{webjar}/**]}" onto public org.springframework.http.ResponseEntity<java.lang.Object> com.example.config.WebJarsController.locateWebjarAsset(java.lang.String,javax.servlet.http.HttpServletRequest)
2017-01-24 13:32:08.249  INFO 5384 --- [main] s.w.s.m.m.a.RequestMappingHandlerMapping : Mapped "{[/json]}" onto public java.util.List<java.lang.String> com.example.controller.HelloController.getJson()
2017-01-24 13:32:08.250  INFO 5384 --- [main] s.w.s.m.m.a.RequestMappingHandlerMapping : Mapped "{[/ || /index]}" onto public java.lang.String com.example.controller.JspController.index()
2017-01-24 13:32:08.250  INFO 5384 --- [main] s.w.s.m.m.a.RequestMappingHandlerMapping : Mapped "{[/success]}" onto public java.lang.String com.example.controller.JspController.testView(org.springframework.ui.Model)
2017-01-24 13:32:08.252  INFO 5384 --- [main] s.w.s.m.m.a.RequestMappingHandlerMapping : Mapped "{[/student/findAllJpa]}" onto public java.util.List<com.example.entity.Student> com.example.controller.StudentController.findAllStudentJpa()
2017-01-24 13:32:08.252  INFO 5384 --- [main] s.w.s.m.m.a.RequestMappingHandlerMapping : Mapped "{[/student/findAll]}" onto public java.util.List<com.example.entity.Student> com.example.controller.StudentController.findAllStudent()
2017-01-24 13:32:08.252  INFO 5384 --- [main] s.w.s.m.m.a.RequestMappingHandlerMapping : Mapped "{[/student/likename]}" onto public java.util.List<com.example.entity.Student> com.example.controller.StudentController.mybatisLikelime()
2017-01-24 13:32:08.253  INFO 5384 --- [main] s.w.s.m.m.a.RequestMappingHandlerMapping : Mapped "{[/student/likename2]}" onto public java.util.List<com.example.entity.Student> com.example.controller.StudentController.mybatisLikelime2()
2017-01-24 13:32:08.257  INFO 5384 --- [main] s.w.s.m.m.a.RequestMappingHandlerMapping : Mapped "{[/error]}" onto public org.springframework.http.ResponseEntity<java.util.Map<java.lang.String, java.lang.Object>> org.springframework.boot.autoconfigure.web.BasicErrorController.error(javax.servlet.http.HttpServletRequest)
2017-01-24 13:32:08.257  INFO 5384 --- [main] s.w.s.m.m.a.RequestMappingHandlerMapping : Mapped "{[/error],produces=[text/html]}" onto public org.springframework.web.servlet.ModelAndView org.springframework.boot.autoconfigure.web.BasicErrorController.errorHtml(javax.servlet.http.HttpServletRequest,javax.servlet.http.HttpServletResponse)
2017-01-24 13:32:08.448  INFO 5384 --- [main] o.s.w.s.handler.SimpleUrlHandlerMapping  : Mapped URL path [/myres/**] onto handler of type [class org.springframework.web.servlet.resource.ResourceHttpRequestHandler]
2017-01-24 13:32:08.449  INFO 5384 --- [main] o.s.w.s.handler.SimpleUrlHandlerMapping  : Mapped URL path [/webjars/**] onto handler of type [class org.springframework.web.servlet.resource.ResourceHttpRequestHandler]
2017-01-24 13:32:08.449  INFO 5384 --- [main] o.s.w.s.handler.SimpleUrlHandlerMapping  : Mapped URL path [/**] onto handler of type [class org.springframework.web.servlet.resource.ResourceHttpRequestHandler]
2017-01-24 13:32:08.546  INFO 5384 --- [main] o.s.w.s.handler.SimpleUrlHandlerMapping  : Mapped URL path [/**/favicon.ico] onto handler of type [class org.springframework.web.servlet.resource.ResourceHttpRequestHandler]
2017-01-24 13:32:09.330  INFO 5384 --- [main] o.s.j.e.a.AnnotationMBeanExporter        : Registering beans for JMX exposure on startup
2017-01-24 13:32:09.397  INFO 5384 --- [main] s.b.c.e.t.TomcatEmbeddedServletContainer : Tomcat started on port(s): 8080 (http)
2017-01-24 13:32:09.406  INFO 5384 --- [main] com.example.runner.MyCommandLineRunner   : one ------this runner can load data to in-memery
2017-01-24 13:32:09.406  INFO 5384 --- [main] com.example.runner.MyCommandLineRunner2  : two ------this runner can load data to in-memery
2017-01-24 13:32:09.409  INFO 5384 --- [main] com.example.TestBootApplication          : Started TestBootApplication in 8.738 seconds (JVM running for 9.291)
2017-01-24 13:32:40.678  INFO 5384 --- [RMI TCP Connection(2)-10.1.51.96] inMXBeanRegistrar$SpringApplicationAdmin : Application shutdown requested.
2017-01-24 13:32:40.678  INFO 5384 --- [RMI TCP Connection(2)-10.1.51.96] ationConfigEmbeddedWebApplicationContext : Closing org.springframework.boot.context.embedded.AnnotationConfigEmbeddedWebApplicationContext@7194ba: startup date [Tue Jan 24 13:32:01 CST 2017]; root of context hierarchy
2017-01-24 13:32:40.680  INFO 5384 --- [RMI TCP Connection(2)-10.1.51.96] o.s.j.e.a.AnnotationMBeanExporter        : Unregistering JMX-exposed beans on shutdown
2017-01-24 13:32:40.680  WARN 5384 --- [RMI TCP Connection(2)-10.1.51.96] o.s.b.f.support.DisposableBeanAdapter    : Invocation of destroy method 'close' failed on bean with name 'sqlSessionTemplate': java.lang.UnsupportedOperationException: Manual close is not allowed over a Spring managed SqlSession
2017-01-24 13:32:40.681  INFO 5384 --- [RMI TCP Connection(2)-10.1.51.96] j.LocalContainerEntityManagerFactoryBean : Closing JPA EntityManagerFactory for persistence unit 'default'
2017-01-24 13:32:46.503  INFO 4796 --- [main] com.example.TestBootApplication          : Starting TestBootApplication on PC-SHENZM with PID 4796 (D:\dev\bootspace\test-boot\target\classes started by shenzm in D:\dev\bootspace\test-boot)
2017-01-24 13:32:46.504 DEBUG 4796 --- [main] com.example.TestBootApplication          : Running with Spring Boot v1.4.3.RELEASE, Spring v4.3.5.RELEASE
2017-01-24 13:32:46.504  INFO 4796 --- [main] com.example.TestBootApplication          : No active profile set, falling back to default profiles: default
2017-01-24 13:32:46.649  INFO 4796 --- [main] ationConfigEmbeddedWebApplicationContext : Refreshing org.springframework.boot.context.embedded.AnnotationConfigEmbeddedWebApplicationContext@7194ba: startup date [Tue Jan 24 13:32:46 CST 2017]; root of context hierarchy
2017-01-24 13:32:46.925  INFO 4796 --- [main] c.e.d.DynamicDataSourceRegister          : >>>>DynamicDataSourceRegister set environment when rigiste custom datasource
2017-01-24 13:32:47.619  INFO 4796 --- [main] c.e.d.DynamicDataSourceRegister          : >>>>DynamicDataSourceRegister registry dynamic data soruce....
2017-01-24 13:32:47.918  WARN 4796 --- [main] o.s.c.a.ConfigurationClassPostProcessor  : Cannot enhance @Configuration bean definition 'myBatisMapperScannerConfig' since its singleton instance has been created too early. The typical cause is a non-static @Bean method with a BeanDefinitionRegistryPostProcessor return type: Consider declaring such methods as 'static'.
2017-01-24 13:32:47.918  WARN 4796 --- [main] o.s.c.a.ConfigurationClassPostProcessor  : Cannot enhance @Configuration bean definition 'myBeanDefinitionRegistryPostProcessor' since its singleton instance has been created too early. The typical cause is a non-static @Bean method with a BeanDefinitionRegistryPostProcessor return type: Consider declaring such methods as 'static'.
2017-01-24 13:32:48.101  INFO 4796 --- [main] .c.MyBeanDefinitionRegistryPostProcessor : >>>>postProcessBeanFactory invoke ..
2017-01-24 13:32:48.322  INFO 4796 --- [main] trationDelegate$BeanPostProcessorChecker : Bean 'mybatis-com.example.config.mybatis.MybatisProperties' of type [class com.example.config.mybatis.MybatisProperties] is not eligible for getting processed by all BeanPostProcessors (for example: not eligible for auto-proxying)
2017-01-24 13:32:48.341  INFO 4796 --- [main] c.e.c.mybatis.MybatisAutoConfiguration   : 注册MyBatis分页插件PageHelper
2017-01-24 13:32:48.350  INFO 4796 --- [main] trationDelegate$BeanPostProcessorChecker : Bean 'pageHelper' of type [class com.github.pagehelper.PageHelper] is not eligible for getting processed by all BeanPostProcessors (for example: not eligible for auto-proxying)
2017-01-24 13:32:48.354  INFO 4796 --- [main] trationDelegate$BeanPostProcessorChecker : Bean 'mybatisAutoConfiguration' of type [class com.example.config.mybatis.MybatisAutoConfiguration$$EnhancerBySpringCGLIB$$5c60c55e] is not eligible for getting processed by all BeanPostProcessors (for example: not eligible for auto-proxying)
2017-01-24 13:32:48.546  INFO 4796 --- [main] trationDelegate$BeanPostProcessorChecker : Bean 'sqlSessionFactory' of type [class org.apache.ibatis.session.defaults.DefaultSqlSessionFactory] is not eligible for getting processed by all BeanPostProcessors (for example: not eligible for auto-proxying)
2017-01-24 13:32:48.621  INFO 4796 --- [main] trationDelegate$BeanPostProcessorChecker : Bean 'studentMapper' of type [class tk.mybatis.spring.mapper.MapperFactoryBean] is not eligible for getting processed by all BeanPostProcessors (for example: not eligible for auto-proxying)
2017-01-24 13:32:48.726  INFO 4796 --- [main] trationDelegate$BeanPostProcessorChecker : Bean 'org.springframework.transaction.annotation.ProxyTransactionManagementConfiguration' of type [class org.springframework.transaction.annotation.ProxyTransactionManagementConfiguration$$EnhancerBySpringCGLIB$$9eba1aaf] is not eligible for getting processed by all BeanPostProcessors (for example: not eligible for auto-proxying)
2017-01-24 13:32:49.466  INFO 4796 --- [main] s.b.c.e.t.TomcatEmbeddedServletContainer : Tomcat initialized with port(s): 8080 (http)
2017-01-24 13:32:49.481  INFO 4796 --- [main] o.apache.catalina.core.StandardService   : Starting service Tomcat
2017-01-24 13:32:49.482  INFO 4796 --- [main] org.apache.catalina.core.StandardEngine  : Starting Servlet Engine: Apache Tomcat/8.5.6
2017-01-24 13:32:49.857  INFO 4796 --- [localhost-startStop-1] org.apache.jasper.servlet.TldScanner     : At least one JAR was scanned for TLDs yet contained no TLDs. Enable debug logging for this logger for a complete list of JARs that were scanned but no TLDs were found in them. Skipping unneeded JARs during scanning can improve startup time and JSP compilation time.
2017-01-24 13:32:49.863  INFO 4796 --- [localhost-startStop-1] o.a.c.c.C.[.[localhost].[/test-boot]     : Initializing Spring embedded WebApplicationContext
2017-01-24 13:32:49.863  INFO 4796 --- [localhost-startStop-1] o.s.web.context.ContextLoader            : Root WebApplicationContext: initialization completed in 3219 ms
2017-01-24 13:32:50.310  INFO 4796 --- [localhost-startStop-1] o.s.b.w.servlet.ServletRegistrationBean  : Mapping servlet: 'myServlet' to [/my-servlet/*]
2017-01-24 13:32:50.311  INFO 4796 --- [localhost-startStop-1] o.s.b.w.servlet.ServletRegistrationBean  : Mapping servlet: 'dispatcherServlet' to [/]
2017-01-24 13:32:50.312  INFO 4796 --- [localhost-startStop-1] o.s.b.w.servlet.ServletRegistrationBean  : Mapping servlet: 'com.example.servlet.MyServlet2' to [/my-servlet/branch]
2017-01-24 13:32:50.315  INFO 4796 --- [localhost-startStop-1] o.s.b.w.servlet.FilterRegistrationBean   : Mapping filter: 'characterEncodingFilter' to: [/*]
2017-01-24 13:32:50.315  INFO 4796 --- [localhost-startStop-1] o.s.b.w.servlet.FilterRegistrationBean   : Mapping filter: 'hiddenHttpMethodFilter' to: [/*]
2017-01-24 13:32:50.316  INFO 4796 --- [localhost-startStop-1] o.s.b.w.servlet.FilterRegistrationBean   : Mapping filter: 'httpPutFormContentFilter' to: [/*]
2017-01-24 13:32:50.316  INFO 4796 --- [localhost-startStop-1] o.s.b.w.servlet.FilterRegistrationBean   : Mapping filter: 'requestContextFilter' to: [/*]
2017-01-24 13:32:50.316  INFO 4796 --- [localhost-startStop-1] o.s.b.w.servlet.FilterRegistrationBean   : Mapping filter: 'My-Filter' to urls: [/*]
2017-01-24 13:32:50.470  INFO 4796 --- [main] j.LocalContainerEntityManagerFactoryBean : Building JPA container EntityManagerFactory for persistence unit 'default'
2017-01-24 13:32:50.490  INFO 4796 --- [main] o.hibernate.jpa.internal.util.LogHelper  : HHH000204: Processing PersistenceUnitInfo [
	name: default
	...]
2017-01-24 13:32:50.566  INFO 4796 --- [main] org.hibernate.Version                    : HHH000412: Hibernate Core {5.0.11.Final}
2017-01-24 13:32:50.567  INFO 4796 --- [main] org.hibernate.cfg.Environment            : HHH000206: hibernate.properties not found
2017-01-24 13:32:50.569  INFO 4796 --- [main] org.hibernate.cfg.Environment            : HHH000021: Bytecode provider name : javassist
2017-01-24 13:32:50.610  INFO 4796 --- [main] o.hibernate.annotations.common.Version   : HCANN000001: Hibernate Commons Annotations {5.0.1.Final}
2017-01-24 13:32:51.037  INFO 4796 --- [main] org.hibernate.dialect.Dialect            : HHH000400: Using dialect: org.hibernate.dialect.MySQL5Dialect
2017-01-24 13:32:51.447  INFO 4796 --- [main] org.hibernate.tool.hbm2ddl.SchemaUpdate  : HHH000228: Running hbm2ddl schema update
2017-01-24 13:32:51.553  INFO 4796 --- [main] j.LocalContainerEntityManagerFactoryBean : Initialized JPA EntityManagerFactory for persistence unit 'default'
2017-01-24 13:32:51.629  INFO 4796 --- [main] com.example.config.WebConfig             : jdbc:mysql://localhost:3306/test
2017-01-24 13:32:51.630  INFO 4796 --- [main] com.example.config.WebConfig             : D:\dev\java
2017-01-24 13:32:51.630  INFO 4796 --- [main] com.example.config.WebConfig             : environment get jdbcurl is :jdbc:mysql://localhost:3306/test
2017-01-24 13:32:51.631  INFO 4796 --- [main] com.example.config.WebConfig             : get url from property resolver is :jdbc:mysql://localhost:3306/test
2017-01-24 13:32:53.513  INFO 4796 --- [main] s.w.s.m.m.a.RequestMappingHandlerAdapter : Looking for @ControllerAdvice: org.springframework.boot.context.embedded.AnnotationConfigEmbeddedWebApplicationContext@7194ba: startup date [Tue Jan 24 13:32:46 CST 2017]; root of context hierarchy
2017-01-24 13:32:53.528  INFO 4796 --- [main] s.w.s.m.m.a.RequestMappingHandlerAdapter : Detected @ModelAttribute methods in resourceUrlProviderController
2017-01-24 13:32:53.708  INFO 4796 --- [main] s.w.s.m.m.a.RequestMappingHandlerMapping : Mapped "{[/webjarslocator/{webjar}/**]}" onto public org.springframework.http.ResponseEntity<java.lang.Object> com.example.config.WebJarsController.locateWebjarAsset(java.lang.String,javax.servlet.http.HttpServletRequest)
2017-01-24 13:32:53.709  INFO 4796 --- [main] s.w.s.m.m.a.RequestMappingHandlerMapping : Mapped "{[/json]}" onto public java.util.List<java.lang.String> com.example.controller.HelloController.getJson()
2017-01-24 13:32:53.710  INFO 4796 --- [main] s.w.s.m.m.a.RequestMappingHandlerMapping : Mapped "{[/ || /index]}" onto public java.lang.String com.example.controller.JspController.index()
2017-01-24 13:32:53.710  INFO 4796 --- [main] s.w.s.m.m.a.RequestMappingHandlerMapping : Mapped "{[/success]}" onto public java.lang.String com.example.controller.JspController.testView(org.springframework.ui.Model)
2017-01-24 13:32:53.712  INFO 4796 --- [main] s.w.s.m.m.a.RequestMappingHandlerMapping : Mapped "{[/student/findAllJpa]}" onto public java.util.List<com.example.entity.Student> com.example.controller.StudentController.findAllStudentJpa()
2017-01-24 13:32:53.712  INFO 4796 --- [main] s.w.s.m.m.a.RequestMappingHandlerMapping : Mapped "{[/student/findAll]}" onto public java.util.List<com.example.entity.Student> com.example.controller.StudentController.findAllStudent()
2017-01-24 13:32:53.712  INFO 4796 --- [main] s.w.s.m.m.a.RequestMappingHandlerMapping : Mapped "{[/student/likename]}" onto public java.util.List<com.example.entity.Student> com.example.controller.StudentController.mybatisLikelime()
2017-01-24 13:32:53.713  INFO 4796 --- [main] s.w.s.m.m.a.RequestMappingHandlerMapping : Mapped "{[/student/likename2]}" onto public java.util.List<com.example.entity.Student> com.example.controller.StudentController.mybatisLikelime2()
2017-01-24 13:32:53.716  INFO 4796 --- [main] s.w.s.m.m.a.RequestMappingHandlerMapping : Mapped "{[/error]}" onto public org.springframework.http.ResponseEntity<java.util.Map<java.lang.String, java.lang.Object>> org.springframework.boot.autoconfigure.web.BasicErrorController.error(javax.servlet.http.HttpServletRequest)
2017-01-24 13:32:53.716  INFO 4796 --- [main] s.w.s.m.m.a.RequestMappingHandlerMapping : Mapped "{[/error],produces=[text/html]}" onto public org.springframework.web.servlet.ModelAndView org.springframework.boot.autoconfigure.web.BasicErrorController.errorHtml(javax.servlet.http.HttpServletRequest,javax.servlet.http.HttpServletResponse)
2017-01-24 13:32:53.907  INFO 4796 --- [main] o.s.w.s.handler.SimpleUrlHandlerMapping  : Mapped URL path [/myres/**] onto handler of type [class org.springframework.web.servlet.resource.ResourceHttpRequestHandler]
2017-01-24 13:32:53.908  INFO 4796 --- [main] o.s.w.s.handler.SimpleUrlHandlerMapping  : Mapped URL path [/webjars/**] onto handler of type [class org.springframework.web.servlet.resource.ResourceHttpRequestHandler]
2017-01-24 13:32:53.908  INFO 4796 --- [main] o.s.w.s.handler.SimpleUrlHandlerMapping  : Mapped URL path [/**] onto handler of type [class org.springframework.web.servlet.resource.ResourceHttpRequestHandler]
2017-01-24 13:32:54.010  INFO 4796 --- [main] o.s.w.s.handler.SimpleUrlHandlerMapping  : Mapped URL path [/**/favicon.ico] onto handler of type [class org.springframework.web.servlet.resource.ResourceHttpRequestHandler]
2017-01-24 13:32:54.787  INFO 4796 --- [main] o.s.j.e.a.AnnotationMBeanExporter        : Registering beans for JMX exposure on startup
2017-01-24 13:32:54.856  INFO 4796 --- [main] s.b.c.e.t.TomcatEmbeddedServletContainer : Tomcat started on port(s): 8080 (http)
2017-01-24 13:32:54.859  INFO 4796 --- [main] com.example.runner.MyCommandLineRunner   : one ------this runner can load data to in-memery
2017-01-24 13:32:54.860  INFO 4796 --- [main] com.example.runner.MyCommandLineRunner2  : two ------this runner can load data to in-memery
2017-01-24 13:32:54.861  INFO 4796 --- [main] com.example.TestBootApplication          : Started TestBootApplication in 8.869 seconds (JVM running for 9.415)
2017-01-24 13:33:00.044  INFO 4796 --- [http-nio-8080-exec-1] o.a.c.c.C.[.[localhost].[/test-boot]     : Initializing Spring FrameworkServlet 'dispatcherServlet'
2017-01-24 13:33:00.046  INFO 4796 --- [http-nio-8080-exec-1] o.s.web.servlet.DispatcherServlet        : FrameworkServlet 'dispatcherServlet': initialization started
2017-01-24 13:33:00.094  INFO 4796 --- [http-nio-8080-exec-1] o.s.web.servlet.DispatcherServlet        : FrameworkServlet 'dispatcherServlet': initialization completed in 48 ms
2017-01-24 13:33:00.162 DEBUG 4796 --- [http-nio-8080-exec-1] c.example.mapper.StudentMapper.likeName  : ==>  Preparing: SELECT * FROM STUDENT WHERE NAME LIKE CONCAT('%',?,'%') 
2017-01-24 13:33:00.188 DEBUG 4796 --- [http-nio-8080-exec-1] c.example.mapper.StudentMapper.likeName  : ==> Parameters: 小(String)
2017-01-24 13:33:00.198 TRACE 4796 --- [http-nio-8080-exec-1] c.example.mapper.StudentMapper.likeName  : <==    Columns: id, name, score_sum, score_avg, age
2017-01-24 13:33:00.198 TRACE 4796 --- [http-nio-8080-exec-1] c.example.mapper.StudentMapper.likeName  : <==        Row: 1, 小明, 355, 84, 1
2017-01-24 13:33:00.200 TRACE 4796 --- [http-nio-8080-exec-1] c.example.mapper.StudentMapper.likeName  : <==        Row: 2, 小王, 187, 62.3, 1
2017-01-24 13:33:00.202 DEBUG 4796 --- [http-nio-8080-exec-1] c.example.mapper.StudentMapper.likeName  : <==      Total: 2
2017-01-24 13:33:08.426  INFO 4796 --- [RMI TCP Connection(2)-10.1.51.96] inMXBeanRegistrar$SpringApplicationAdmin : Application shutdown requested.
2017-01-24 13:33:08.426  INFO 4796 --- [RMI TCP Connection(2)-10.1.51.96] ationConfigEmbeddedWebApplicationContext : Closing org.springframework.boot.context.embedded.AnnotationConfigEmbeddedWebApplicationContext@7194ba: startup date [Tue Jan 24 13:32:46 CST 2017]; root of context hierarchy
2017-01-24 13:33:08.428  INFO 4796 --- [RMI TCP Connection(2)-10.1.51.96] o.s.j.e.a.AnnotationMBeanExporter        : Unregistering JMX-exposed beans on shutdown
2017-01-24 13:33:08.429  WARN 4796 --- [RMI TCP Connection(2)-10.1.51.96] o.s.b.f.support.DisposableBeanAdapter    : Invocation of destroy method 'close' failed on bean with name 'sqlSessionTemplate': java.lang.UnsupportedOperationException: Manual close is not allowed over a Spring managed SqlSession
2017-01-24 13:33:08.431  INFO 4796 --- [RMI TCP Connection(2)-10.1.51.96] j.LocalContainerEntityManagerFactoryBean : Closing JPA EntityManagerFactory for persistence unit 'default'
2017-01-24 13:33:26.823  INFO 5116 --- [main] com.example.TestBootApplication          : Starting TestBootApplication on PC-SHENZM with PID 5116 (D:\dev\bootspace\test-boot\target\classes started by shenzm in D:\dev\bootspace\test-boot)
2017-01-24 13:33:26.823 DEBUG 5116 --- [main] com.example.TestBootApplication          : Running with Spring Boot v1.4.3.RELEASE, Spring v4.3.5.RELEASE
2017-01-24 13:33:26.824  INFO 5116 --- [main] com.example.TestBootApplication          : No active profile set, falling back to default profiles: default
2017-01-24 13:33:26.958  INFO 5116 --- [main] ationConfigEmbeddedWebApplicationContext : Refreshing org.springframework.boot.context.embedded.AnnotationConfigEmbeddedWebApplicationContext@7194ba: startup date [Tue Jan 24 13:33:26 CST 2017]; root of context hierarchy
2017-01-24 13:33:27.170  INFO 5116 --- [main] c.e.d.DynamicDataSourceRegister          : >>>>DynamicDataSourceRegister set environment when rigiste custom datasource
2017-01-24 13:33:27.861  INFO 5116 --- [main] c.e.d.DynamicDataSourceRegister          : >>>>DynamicDataSourceRegister registry dynamic data soruce....
2017-01-24 13:33:28.130  WARN 5116 --- [main] o.s.c.a.ConfigurationClassPostProcessor  : Cannot enhance @Configuration bean definition 'myBatisMapperScannerConfig' since its singleton instance has been created too early. The typical cause is a non-static @Bean method with a BeanDefinitionRegistryPostProcessor return type: Consider declaring such methods as 'static'.
2017-01-24 13:33:28.130  WARN 5116 --- [main] o.s.c.a.ConfigurationClassPostProcessor  : Cannot enhance @Configuration bean definition 'myBeanDefinitionRegistryPostProcessor' since its singleton instance has been created too early. The typical cause is a non-static @Bean method with a BeanDefinitionRegistryPostProcessor return type: Consider declaring such methods as 'static'.
2017-01-24 13:33:28.351  INFO 5116 --- [main] .c.MyBeanDefinitionRegistryPostProcessor : >>>>postProcessBeanFactory invoke ..
2017-01-24 13:33:28.561  INFO 5116 --- [main] trationDelegate$BeanPostProcessorChecker : Bean 'mybatis-com.example.config.mybatis.MybatisProperties' of type [class com.example.config.mybatis.MybatisProperties] is not eligible for getting processed by all BeanPostProcessors (for example: not eligible for auto-proxying)
2017-01-24 13:33:28.583  INFO 5116 --- [main] c.e.c.mybatis.MybatisAutoConfiguration   : 注册MyBatis分页插件PageHelper
2017-01-24 13:33:28.592  INFO 5116 --- [main] trationDelegate$BeanPostProcessorChecker : Bean 'pageHelper' of type [class com.github.pagehelper.PageHelper] is not eligible for getting processed by all BeanPostProcessors (for example: not eligible for auto-proxying)
2017-01-24 13:33:28.596  INFO 5116 --- [main] trationDelegate$BeanPostProcessorChecker : Bean 'mybatisAutoConfiguration' of type [class com.example.config.mybatis.MybatisAutoConfiguration$$EnhancerBySpringCGLIB$$5c60c55e] is not eligible for getting processed by all BeanPostProcessors (for example: not eligible for auto-proxying)
2017-01-24 13:33:28.783  INFO 5116 --- [main] trationDelegate$BeanPostProcessorChecker : Bean 'sqlSessionFactory' of type [class org.apache.ibatis.session.defaults.DefaultSqlSessionFactory] is not eligible for getting processed by all BeanPostProcessors (for example: not eligible for auto-proxying)
2017-01-24 13:33:28.856  INFO 5116 --- [main] trationDelegate$BeanPostProcessorChecker : Bean 'studentMapper' of type [class tk.mybatis.spring.mapper.MapperFactoryBean] is not eligible for getting processed by all BeanPostProcessors (for example: not eligible for auto-proxying)
2017-01-24 13:33:28.960  INFO 5116 --- [main] trationDelegate$BeanPostProcessorChecker : Bean 'org.springframework.transaction.annotation.ProxyTransactionManagementConfiguration' of type [class org.springframework.transaction.annotation.ProxyTransactionManagementConfiguration$$EnhancerBySpringCGLIB$$9eba1aaf] is not eligible for getting processed by all BeanPostProcessors (for example: not eligible for auto-proxying)
2017-01-24 13:33:29.715  INFO 5116 --- [main] s.b.c.e.t.TomcatEmbeddedServletContainer : Tomcat initialized with port(s): 8080 (http)
2017-01-24 13:33:29.726  INFO 5116 --- [main] o.apache.catalina.core.StandardService   : Starting service Tomcat
2017-01-24 13:33:29.727  INFO 5116 --- [main] org.apache.catalina.core.StandardEngine  : Starting Servlet Engine: Apache Tomcat/8.5.6
2017-01-24 13:33:30.086  INFO 5116 --- [localhost-startStop-1] org.apache.jasper.servlet.TldScanner     : At least one JAR was scanned for TLDs yet contained no TLDs. Enable debug logging for this logger for a complete list of JARs that were scanned but no TLDs were found in them. Skipping unneeded JARs during scanning can improve startup time and JSP compilation time.
2017-01-24 13:33:30.092  INFO 5116 --- [localhost-startStop-1] o.a.c.c.C.[.[localhost].[/test-boot]     : Initializing Spring embedded WebApplicationContext
2017-01-24 13:33:30.092  INFO 5116 --- [localhost-startStop-1] o.s.web.context.ContextLoader            : Root WebApplicationContext: initialization completed in 3137 ms
2017-01-24 13:33:30.556  INFO 5116 --- [localhost-startStop-1] o.s.b.w.servlet.ServletRegistrationBean  : Mapping servlet: 'myServlet' to [/my-servlet/*]
2017-01-24 13:33:30.558  INFO 5116 --- [localhost-startStop-1] o.s.b.w.servlet.ServletRegistrationBean  : Mapping servlet: 'dispatcherServlet' to [/]
2017-01-24 13:33:30.559  INFO 5116 --- [localhost-startStop-1] o.s.b.w.servlet.ServletRegistrationBean  : Mapping servlet: 'com.example.servlet.MyServlet2' to [/my-servlet/branch]
2017-01-24 13:33:30.562  INFO 5116 --- [localhost-startStop-1] o.s.b.w.servlet.FilterRegistrationBean   : Mapping filter: 'characterEncodingFilter' to: [/*]
2017-01-24 13:33:30.563  INFO 5116 --- [localhost-startStop-1] o.s.b.w.servlet.FilterRegistrationBean   : Mapping filter: 'hiddenHttpMethodFilter' to: [/*]
2017-01-24 13:33:30.563  INFO 5116 --- [localhost-startStop-1] o.s.b.w.servlet.FilterRegistrationBean   : Mapping filter: 'httpPutFormContentFilter' to: [/*]
2017-01-24 13:33:30.563  INFO 5116 --- [localhost-startStop-1] o.s.b.w.servlet.FilterRegistrationBean   : Mapping filter: 'requestContextFilter' to: [/*]
2017-01-24 13:33:30.564  INFO 5116 --- [localhost-startStop-1] o.s.b.w.servlet.FilterRegistrationBean   : Mapping filter: 'My-Filter' to urls: [/*]
2017-01-24 13:33:30.713  INFO 5116 --- [main] j.LocalContainerEntityManagerFactoryBean : Building JPA container EntityManagerFactory for persistence unit 'default'
2017-01-24 13:33:30.732  INFO 5116 --- [main] o.hibernate.jpa.internal.util.LogHelper  : HHH000204: Processing PersistenceUnitInfo [
	name: default
	...]
2017-01-24 13:33:30.807  INFO 5116 --- [main] org.hibernate.Version                    : HHH000412: Hibernate Core {5.0.11.Final}
2017-01-24 13:33:30.809  INFO 5116 --- [main] org.hibernate.cfg.Environment            : HHH000206: hibernate.properties not found
2017-01-24 13:33:30.811  INFO 5116 --- [main] org.hibernate.cfg.Environment            : HHH000021: Bytecode provider name : javassist
2017-01-24 13:33:30.852  INFO 5116 --- [main] o.hibernate.annotations.common.Version   : HCANN000001: Hibernate Commons Annotations {5.0.1.Final}
2017-01-24 13:33:31.282  INFO 5116 --- [main] org.hibernate.dialect.Dialect            : HHH000400: Using dialect: org.hibernate.dialect.MySQL5Dialect
2017-01-24 13:33:31.682  INFO 5116 --- [main] org.hibernate.tool.hbm2ddl.SchemaUpdate  : HHH000228: Running hbm2ddl schema update
2017-01-24 13:33:31.783  INFO 5116 --- [main] j.LocalContainerEntityManagerFactoryBean : Initialized JPA EntityManagerFactory for persistence unit 'default'
2017-01-24 13:33:31.861  INFO 5116 --- [main] com.example.config.WebConfig             : jdbc:mysql://localhost:3306/test
2017-01-24 13:33:31.861  INFO 5116 --- [main] com.example.config.WebConfig             : D:\dev\java
2017-01-24 13:33:31.861  INFO 5116 --- [main] com.example.config.WebConfig             : environment get jdbcurl is :jdbc:mysql://localhost:3306/test
2017-01-24 13:33:31.862  INFO 5116 --- [main] com.example.config.WebConfig             : get url from property resolver is :jdbc:mysql://localhost:3306/test
2017-01-24 13:33:33.762  INFO 5116 --- [main] s.w.s.m.m.a.RequestMappingHandlerAdapter : Looking for @ControllerAdvice: org.springframework.boot.context.embedded.AnnotationConfigEmbeddedWebApplicationContext@7194ba: startup date [Tue Jan 24 13:33:26 CST 2017]; root of context hierarchy
2017-01-24 13:33:33.772  INFO 5116 --- [main] s.w.s.m.m.a.RequestMappingHandlerAdapter : Detected @ModelAttribute methods in resourceUrlProviderController
2017-01-24 13:33:33.951  INFO 5116 --- [main] s.w.s.m.m.a.RequestMappingHandlerMapping : Mapped "{[/webjarslocator/{webjar}/**]}" onto public org.springframework.http.ResponseEntity<java.lang.Object> com.example.config.WebJarsController.locateWebjarAsset(java.lang.String,javax.servlet.http.HttpServletRequest)
2017-01-24 13:33:33.956  INFO 5116 --- [main] s.w.s.m.m.a.RequestMappingHandlerMapping : Mapped "{[/json]}" onto public java.util.List<java.lang.String> com.example.controller.HelloController.getJson()
2017-01-24 13:33:33.957  INFO 5116 --- [main] s.w.s.m.m.a.RequestMappingHandlerMapping : Mapped "{[/ || /index]}" onto public java.lang.String com.example.controller.JspController.index()
2017-01-24 13:33:33.957  INFO 5116 --- [main] s.w.s.m.m.a.RequestMappingHandlerMapping : Mapped "{[/success]}" onto public java.lang.String com.example.controller.JspController.testView(org.springframework.ui.Model)
2017-01-24 13:33:33.959  INFO 5116 --- [main] s.w.s.m.m.a.RequestMappingHandlerMapping : Mapped "{[/student/findAll]}" onto public java.util.List<com.example.entity.Student> com.example.controller.StudentController.findAllStudent()
2017-01-24 13:33:33.960  INFO 5116 --- [main] s.w.s.m.m.a.RequestMappingHandlerMapping : Mapped "{[/student/likename]}" onto public java.util.List<com.example.entity.Student> com.example.controller.StudentController.mybatisLikelime()
2017-01-24 13:33:33.960  INFO 5116 --- [main] s.w.s.m.m.a.RequestMappingHandlerMapping : Mapped "{[/student/likename2]}" onto public java.util.List<com.example.entity.Student> com.example.controller.StudentController.mybatisLikelime2()
2017-01-24 13:33:33.960  INFO 5116 --- [main] s.w.s.m.m.a.RequestMappingHandlerMapping : Mapped "{[/student/findAllJpa]}" onto public java.util.List<com.example.entity.Student> com.example.controller.StudentController.findAllStudentJpa()
2017-01-24 13:33:33.963  INFO 5116 --- [main] s.w.s.m.m.a.RequestMappingHandlerMapping : Mapped "{[/error]}" onto public org.springframework.http.ResponseEntity<java.util.Map<java.lang.String, java.lang.Object>> org.springframework.boot.autoconfigure.web.BasicErrorController.error(javax.servlet.http.HttpServletRequest)
2017-01-24 13:33:33.963  INFO 5116 --- [main] s.w.s.m.m.a.RequestMappingHandlerMapping : Mapped "{[/error],produces=[text/html]}" onto public org.springframework.web.servlet.ModelAndView org.springframework.boot.autoconfigure.web.BasicErrorController.errorHtml(javax.servlet.http.HttpServletRequest,javax.servlet.http.HttpServletResponse)
2017-01-24 13:33:34.163  INFO 5116 --- [main] o.s.w.s.handler.SimpleUrlHandlerMapping  : Mapped URL path [/myres/**] onto handler of type [class org.springframework.web.servlet.resource.ResourceHttpRequestHandler]
2017-01-24 13:33:34.163  INFO 5116 --- [main] o.s.w.s.handler.SimpleUrlHandlerMapping  : Mapped URL path [/webjars/**] onto handler of type [class org.springframework.web.servlet.resource.ResourceHttpRequestHandler]
2017-01-24 13:33:34.163  INFO 5116 --- [main] o.s.w.s.handler.SimpleUrlHandlerMapping  : Mapped URL path [/**] onto handler of type [class org.springframework.web.servlet.resource.ResourceHttpRequestHandler]
2017-01-24 13:33:34.259  INFO 5116 --- [main] o.s.w.s.handler.SimpleUrlHandlerMapping  : Mapped URL path [/**/favicon.ico] onto handler of type [class org.springframework.web.servlet.resource.ResourceHttpRequestHandler]
2017-01-24 13:33:34.958  INFO 5116 --- [main] o.s.j.e.a.AnnotationMBeanExporter        : Registering beans for JMX exposure on startup
2017-01-24 13:33:35.030  INFO 5116 --- [main] s.b.c.e.t.TomcatEmbeddedServletContainer : Tomcat started on port(s): 8080 (http)
2017-01-24 13:33:35.034  INFO 5116 --- [main] com.example.runner.MyCommandLineRunner   : one ------this runner can load data to in-memery
2017-01-24 13:33:35.034  INFO 5116 --- [main] com.example.runner.MyCommandLineRunner2  : two ------this runner can load data to in-memery
2017-01-24 13:33:35.036  INFO 5116 --- [main] com.example.TestBootApplication          : Started TestBootApplication in 8.714 seconds (JVM running for 9.259)
2017-01-24 13:34:27.127  INFO 5116 --- [RMI TCP Connection(2)-10.1.51.96] inMXBeanRegistrar$SpringApplicationAdmin : Application shutdown requested.
2017-01-24 13:34:27.128  INFO 5116 --- [RMI TCP Connection(2)-10.1.51.96] ationConfigEmbeddedWebApplicationContext : Closing org.springframework.boot.context.embedded.AnnotationConfigEmbeddedWebApplicationContext@7194ba: startup date [Tue Jan 24 13:33:26 CST 2017]; root of context hierarchy
2017-01-24 13:34:27.130  INFO 5116 --- [RMI TCP Connection(2)-10.1.51.96] o.s.j.e.a.AnnotationMBeanExporter        : Unregistering JMX-exposed beans on shutdown
2017-01-24 13:34:27.131  WARN 5116 --- [RMI TCP Connection(2)-10.1.51.96] o.s.b.f.support.DisposableBeanAdapter    : Invocation of destroy method 'close' failed on bean with name 'sqlSessionTemplate': java.lang.UnsupportedOperationException: Manual close is not allowed over a Spring managed SqlSession
2017-01-24 13:34:27.132  INFO 5116 --- [RMI TCP Connection(2)-10.1.51.96] j.LocalContainerEntityManagerFactoryBean : Closing JPA EntityManagerFactory for persistence unit 'default'
